{"/home/etec/Documentos/AGBD-SantiBurzolino/proyectohuerta/src/App.jsx": {"path":"/home/etec/Documentos/AGBD-SantiBurzolino/proyectohuerta/src/App.jsx","statementMap":{"0":{"start":{"line":9,"column":2},"end":{"line":20,"column":4}}},"fnMap":{"0":{"name":"App","decl":{"start":{"line":8,"column":9},"end":{"line":8,"column":12}},"loc":{"start":{"line":8,"column":15},"end":{"line":21,"column":1}},"line":8}},"branchMap":{},"s":{"0":0},"f":{"0":0},"b":{}}
,"/home/etec/Documentos/AGBD-SantiBurzolino/proyectohuerta/src/components/home/homeAdmin.jsx": {"path":"/home/etec/Documentos/AGBD-SantiBurzolino/proyectohuerta/src/components/home/homeAdmin.jsx","statementMap":{"0":{"start":{"line":5,"column":30},"end":{"line":5,"column":42}},"1":{"start":{"line":6,"column":28},"end":{"line":6,"column":40}},"2":{"start":{"line":7,"column":34},"end":{"line":7,"column":46}},"3":{"start":{"line":8,"column":34},"end":{"line":8,"column":46}},"4":{"start":{"line":9,"column":32},"end":{"line":9,"column":44}},"5":{"start":{"line":10,"column":34},"end":{"line":10,"column":49}},"6":{"start":{"line":11,"column":34},"end":{"line":11,"column":46}},"7":{"start":{"line":12,"column":34},"end":{"line":12,"column":48}},"8":{"start":{"line":13,"column":42},"end":{"line":13,"column":57}},"9":{"start":{"line":14,"column":50},"end":{"line":14,"column":65}},"10":{"start":{"line":15,"column":42},"end":{"line":15,"column":53}},"11":{"start":{"line":16,"column":44},"end":{"line":16,"column":55}},"12":{"start":{"line":17,"column":28},"end":{"line":17,"column":29}},"13":{"start":{"line":20,"column":23},"end":{"line":23,"column":3}},"14":{"start":{"line":25,"column":20},"end":{"line":25,"column":54}},"15":{"start":{"line":26,"column":24},"end":{"line":26,"column":54}},"16":{"start":{"line":29,"column":2},"end":{"line":33,"column":18}},"17":{"start":{"line":30,"column":4},"end":{"line":32,"column":5}},"18":{"start":{"line":31,"column":6},"end":{"line":31,"column":33}},"19":{"start":{"line":35,"column":23},"end":{"line":40,"column":3}},"20":{"start":{"line":36,"column":4},"end":{"line":36,"column":42}},"21":{"start":{"line":37,"column":4},"end":{"line":37,"column":38}},"22":{"start":{"line":38,"column":4},"end":{"line":38,"column":38}},"23":{"start":{"line":39,"column":4},"end":{"line":39,"column":31}},"24":{"start":{"line":43,"column":25},"end":{"line":58,"column":3}},"25":{"start":{"line":44,"column":4},"end":{"line":57,"column":5}},"26":{"start":{"line":45,"column":18},"end":{"line":47,"column":7}},"27":{"start":{"line":48,"column":6},"end":{"line":48,"column":62}},"28":{"start":{"line":48,"column":19},"end":{"line":48,"column":62}},"29":{"start":{"line":49,"column":19},"end":{"line":49,"column":35}},"30":{"start":{"line":50,"column":6},"end":{"line":50,"column":39}},"31":{"start":{"line":51,"column":6},"end":{"line":51,"column":40}},"32":{"start":{"line":52,"column":6},"end":{"line":52,"column":28}},"33":{"start":{"line":54,"column":6},"end":{"line":54,"column":22}},"34":{"start":{"line":55,"column":6},"end":{"line":55,"column":26}},"35":{"start":{"line":56,"column":6},"end":{"line":56,"column":25}},"36":{"start":{"line":61,"column":25},"end":{"line":72,"column":3}},"37":{"start":{"line":62,"column":4},"end":{"line":71,"column":5}},"38":{"start":{"line":63,"column":18},"end":{"line":65,"column":8}},"39":{"start":{"line":66,"column":6},"end":{"line":70,"column":7}},"40":{"start":{"line":67,"column":8},"end":{"line":67,"column":69}},"41":{"start":{"line":67,"column":27},"end":{"line":67,"column":67}},"42":{"start":{"line":67,"column":45},"end":{"line":67,"column":66}},"43":{"start":{"line":69,"column":8},"end":{"line":69,"column":55}},"44":{"start":{"line":69,"column":26},"end":{"line":69,"column":55}},"45":{"start":{"line":75,"column":27},"end":{"line":92,"column":3}},"46":{"start":{"line":76,"column":4},"end":{"line":76,"column":53}},"47":{"start":{"line":77,"column":16},"end":{"line":86,"column":6}},"48":{"start":{"line":87,"column":4},"end":{"line":91,"column":5}},"49":{"start":{"line":88,"column":6},"end":{"line":88,"column":35}},"50":{"start":{"line":89,"column":6},"end":{"line":89,"column":24}},"51":{"start":{"line":90,"column":6},"end":{"line":90,"column":53}},"52":{"start":{"line":90,"column":24},"end":{"line":90,"column":53}},"53":{"start":{"line":94,"column":29},"end":{"line":124,"column":3}},"54":{"start":{"line":95,"column":4},"end":{"line":95,"column":23}},"55":{"start":{"line":96,"column":4},"end":{"line":123,"column":5}},"56":{"start":{"line":97,"column":18},"end":{"line":101,"column":8}},"57":{"start":{"line":102,"column":19},"end":{"line":102,"column":35}},"58":{"start":{"line":103,"column":6},"end":{"line":120,"column":7}},"59":{"start":{"line":104,"column":8},"end":{"line":112,"column":10}},"60":{"start":{"line":107,"column":12},"end":{"line":107,"column":39}},"61":{"start":{"line":108,"column":12},"end":{"line":108,"column":35}},"62":{"start":{"line":109,"column":12},"end":{"line":109,"column":27}},"63":{"start":{"line":110,"column":12},"end":{"line":110,"column":31}},"64":{"start":{"line":113,"column":8},"end":{"line":113,"column":22}},"65":{"start":{"line":114,"column":8},"end":{"line":114,"column":24}},"66":{"start":{"line":115,"column":8},"end":{"line":115,"column":21}},"67":{"start":{"line":116,"column":8},"end":{"line":116,"column":24}},"68":{"start":{"line":117,"column":8},"end":{"line":117,"column":44}},"69":{"start":{"line":117,"column":26},"end":{"line":117,"column":44}},"70":{"start":{"line":119,"column":8},"end":{"line":119,"column":60}},"71":{"start":{"line":122,"column":6},"end":{"line":122,"column":41}},"72":{"start":{"line":129,"column":20},"end":{"line":129,"column":22}},"73":{"start":{"line":130,"column":4},"end":{"line":130,"column":51}},"74":{"start":{"line":130,"column":37},"end":{"line":130,"column":51}},"75":{"start":{"line":131,"column":4},"end":{"line":131,"column":59}},"76":{"start":{"line":131,"column":48},"end":{"line":131,"column":59}},"77":{"start":{"line":133,"column":18},"end":{"line":133,"column":41}},"78":{"start":{"line":135,"column":16},"end":{"line":135,"column":46}},"79":{"start":{"line":136,"column":14},"end":{"line":136,"column":51}},"80":{"start":{"line":139,"column":4},"end":{"line":145,"column":5}},"81":{"start":{"line":140,"column":6},"end":{"line":144,"column":7}},"82":{"start":{"line":141,"column":8},"end":{"line":141,"column":52}},"83":{"start":{"line":142,"column":13},"end":{"line":144,"column":7}},"84":{"start":{"line":143,"column":8},"end":{"line":143,"column":47}},"85":{"start":{"line":147,"column":4},"end":{"line":147,"column":55}},"86":{"start":{"line":147,"column":17},"end":{"line":147,"column":22}},"87":{"start":{"line":147,"column":39},"end":{"line":147,"column":55}},"88":{"start":{"line":148,"column":4},"end":{"line":148,"column":19}},"89":{"start":{"line":152,"column":2},"end":{"line":375,"column":4}},"90":{"start":{"line":168,"column":27},"end":{"line":168,"column":44}},"91":{"start":{"line":175,"column":14},"end":{"line":175,"column":57}},"92":{"start":{"line":175,"column":33},"end":{"line":175,"column":57}},"93":{"start":{"line":176,"column":14},"end":{"line":176,"column":41}},"94":{"start":{"line":176,"column":37},"end":{"line":176,"column":39}},"95":{"start":{"line":192,"column":31},"end":{"line":192,"column":56}},"96":{"start":{"line":202,"column":31},"end":{"line":202,"column":58}},"97":{"start":{"line":212,"column":31},"end":{"line":212,"column":55}},"98":{"start":{"line":222,"column":31},"end":{"line":222,"column":58}},"99":{"start":{"line":231,"column":29},"end":{"line":231,"column":47}},"100":{"start":{"line":256,"column":16},"end":{"line":268,"column":21}},"101":{"start":{"line":261,"column":43},"end":{"line":261,"column":57}},"102":{"start":{"line":264,"column":43},"end":{"line":264,"column":71}},"103":{"start":{"line":276,"column":29},"end":{"line":276,"column":46}},"104":{"start":{"line":282,"column":29},"end":{"line":282,"column":74}},"105":{"start":{"line":289,"column":14},"end":{"line":295,"column":23}},"106":{"start":{"line":291,"column":31},"end":{"line":291,"column":50}},"107":{"start":{"line":300,"column":16},"end":{"line":300,"column":72}},"108":{"start":{"line":307,"column":29},"end":{"line":307,"column":57}},"109":{"start":{"line":320,"column":12},"end":{"line":320,"column":31}},"110":{"start":{"line":321,"column":12},"end":{"line":321,"column":39}},"111":{"start":{"line":330,"column":16},"end":{"line":330,"column":68}},"112":{"start":{"line":341,"column":16},"end":{"line":341,"column":70}},"113":{"start":{"line":352,"column":16},"end":{"line":352,"column":67}},"114":{"start":{"line":363,"column":16},"end":{"line":363,"column":78}},"115":{"start":{"line":369,"column":47},"end":{"line":369,"column":64}}},"fnMap":{"0":{"name":"AdminHome","decl":{"start":{"line":4,"column":9},"end":{"line":4,"column":18}},"loc":{"start":{"line":4,"column":21},"end":{"line":376,"column":1}},"line":4},"1":{"name":"(anonymous_1)","decl":{"start":{"line":29,"column":12},"end":{"line":29,"column":13}},"loc":{"start":{"line":29,"column":18},"end":{"line":33,"column":3}},"line":29},"2":{"name":"(anonymous_2)","decl":{"start":{"line":35,"column":23},"end":{"line":35,"column":24}},"loc":{"start":{"line":35,"column":29},"end":{"line":40,"column":3}},"line":35},"3":{"name":"(anonymous_3)","decl":{"start":{"line":43,"column":25},"end":{"line":43,"column":26}},"loc":{"start":{"line":43,"column":45},"end":{"line":58,"column":3}},"line":43},"4":{"name":"(anonymous_4)","decl":{"start":{"line":61,"column":25},"end":{"line":61,"column":26}},"loc":{"start":{"line":61,"column":39},"end":{"line":72,"column":3}},"line":61},"5":{"name":"(anonymous_5)","decl":{"start":{"line":67,"column":20},"end":{"line":67,"column":21}},"loc":{"start":{"line":67,"column":27},"end":{"line":67,"column":67}},"line":67},"6":{"name":"(anonymous_6)","decl":{"start":{"line":67,"column":36},"end":{"line":67,"column":37}},"loc":{"start":{"line":67,"column":45},"end":{"line":67,"column":66}},"line":67},"7":{"name":"(anonymous_7)","decl":{"start":{"line":75,"column":27},"end":{"line":75,"column":28}},"loc":{"start":{"line":75,"column":43},"end":{"line":92,"column":3}},"line":75},"8":{"name":"(anonymous_8)","decl":{"start":{"line":94,"column":29},"end":{"line":94,"column":30}},"loc":{"start":{"line":94,"column":42},"end":{"line":124,"column":3}},"line":94},"9":{"name":"(anonymous_9)","decl":{"start":{"line":106,"column":21},"end":{"line":106,"column":22}},"loc":{"start":{"line":106,"column":27},"end":{"line":111,"column":11}},"line":106},"10":{"name":"getPaginasAMostrar","decl":{"start":{"line":128,"column":11},"end":{"line":128,"column":29}},"loc":{"start":{"line":128,"column":62},"end":{"line":149,"column":3}},"line":128},"11":{"name":"(anonymous_11)","decl":{"start":{"line":168,"column":21},"end":{"line":168,"column":22}},"loc":{"start":{"line":168,"column":27},"end":{"line":168,"column":44}},"line":168},"12":{"name":"(anonymous_12)","decl":{"start":{"line":174,"column":21},"end":{"line":174,"column":22}},"loc":{"start":{"line":174,"column":33},"end":{"line":177,"column":13}},"line":174},"13":{"name":"(anonymous_13)","decl":{"start":{"line":176,"column":30},"end":{"line":176,"column":31}},"loc":{"start":{"line":176,"column":37},"end":{"line":176,"column":39}},"line":176},"14":{"name":"(anonymous_14)","decl":{"start":{"line":192,"column":24},"end":{"line":192,"column":25}},"loc":{"start":{"line":192,"column":31},"end":{"line":192,"column":56}},"line":192},"15":{"name":"(anonymous_15)","decl":{"start":{"line":202,"column":24},"end":{"line":202,"column":25}},"loc":{"start":{"line":202,"column":31},"end":{"line":202,"column":58}},"line":202},"16":{"name":"(anonymous_16)","decl":{"start":{"line":212,"column":24},"end":{"line":212,"column":25}},"loc":{"start":{"line":212,"column":31},"end":{"line":212,"column":55}},"line":212},"17":{"name":"(anonymous_17)","decl":{"start":{"line":222,"column":24},"end":{"line":222,"column":25}},"loc":{"start":{"line":222,"column":31},"end":{"line":222,"column":58}},"line":222},"18":{"name":"(anonymous_18)","decl":{"start":{"line":231,"column":23},"end":{"line":231,"column":24}},"loc":{"start":{"line":231,"column":29},"end":{"line":231,"column":47}},"line":231},"19":{"name":"(anonymous_19)","decl":{"start":{"line":255,"column":28},"end":{"line":255,"column":29}},"loc":{"start":{"line":256,"column":16},"end":{"line":268,"column":21}},"line":256},"20":{"name":"(anonymous_20)","decl":{"start":{"line":261,"column":37},"end":{"line":261,"column":38}},"loc":{"start":{"line":261,"column":43},"end":{"line":261,"column":57}},"line":261},"21":{"name":"(anonymous_21)","decl":{"start":{"line":264,"column":37},"end":{"line":264,"column":38}},"loc":{"start":{"line":264,"column":43},"end":{"line":264,"column":71}},"line":264},"22":{"name":"(anonymous_22)","decl":{"start":{"line":276,"column":23},"end":{"line":276,"column":24}},"loc":{"start":{"line":276,"column":29},"end":{"line":276,"column":46}},"line":276},"23":{"name":"(anonymous_23)","decl":{"start":{"line":282,"column":23},"end":{"line":282,"column":24}},"loc":{"start":{"line":282,"column":29},"end":{"line":282,"column":74}},"line":282},"24":{"name":"(anonymous_24)","decl":{"start":{"line":288,"column":67},"end":{"line":288,"column":68}},"loc":{"start":{"line":289,"column":14},"end":{"line":295,"column":23}},"line":289},"25":{"name":"(anonymous_25)","decl":{"start":{"line":291,"column":25},"end":{"line":291,"column":26}},"loc":{"start":{"line":291,"column":31},"end":{"line":291,"column":50}},"line":291},"26":{"name":"(anonymous_26)","decl":{"start":{"line":299,"column":23},"end":{"line":299,"column":24}},"loc":{"start":{"line":300,"column":16},"end":{"line":300,"column":72}},"line":300},"27":{"name":"(anonymous_27)","decl":{"start":{"line":307,"column":23},"end":{"line":307,"column":24}},"loc":{"start":{"line":307,"column":29},"end":{"line":307,"column":57}},"line":307},"28":{"name":"(anonymous_28)","decl":{"start":{"line":319,"column":20},"end":{"line":319,"column":21}},"loc":{"start":{"line":319,"column":27},"end":{"line":322,"column":11}},"line":319},"29":{"name":"(anonymous_29)","decl":{"start":{"line":329,"column":24},"end":{"line":329,"column":25}},"loc":{"start":{"line":330,"column":16},"end":{"line":330,"column":68}},"line":330},"30":{"name":"(anonymous_30)","decl":{"start":{"line":340,"column":24},"end":{"line":340,"column":25}},"loc":{"start":{"line":341,"column":16},"end":{"line":341,"column":70}},"line":341},"31":{"name":"(anonymous_31)","decl":{"start":{"line":351,"column":24},"end":{"line":351,"column":25}},"loc":{"start":{"line":352,"column":16},"end":{"line":352,"column":67}},"line":352},"32":{"name":"(anonymous_32)","decl":{"start":{"line":362,"column":24},"end":{"line":362,"column":25}},"loc":{"start":{"line":363,"column":16},"end":{"line":363,"column":78}},"line":363},"33":{"name":"(anonymous_33)","decl":{"start":{"line":369,"column":41},"end":{"line":369,"column":42}},"loc":{"start":{"line":369,"column":47},"end":{"line":369,"column":64}},"line":369}},"branchMap":{"0":{"loc":{"start":{"line":22,"column":15},"end":{"line":22,"column":33}},"type":"binary-expr","locations":[{"start":{"line":22,"column":15},"end":{"line":22,"column":28}},{"start":{"line":22,"column":32},"end":{"line":22,"column":33}}],"line":22},"1":{"loc":{"start":{"line":30,"column":4},"end":{"line":32,"column":5}},"type":"if","locations":[{"start":{"line":30,"column":4},"end":{"line":32,"column":5}},{"start":{},"end":{}}],"line":30},"2":{"loc":{"start":{"line":43,"column":32},"end":{"line":43,"column":40}},"type":"default-arg","locations":[{"start":{"line":43,"column":39},"end":{"line":43,"column":40}}],"line":43},"3":{"loc":{"start":{"line":48,"column":6},"end":{"line":48,"column":62}},"type":"if","locations":[{"start":{"line":48,"column":6},"end":{"line":48,"column":62}},{"start":{},"end":{}}],"line":48},"4":{"loc":{"start":{"line":50,"column":18},"end":{"line":50,"column":37}},"type":"binary-expr","locations":[{"start":{"line":50,"column":18},"end":{"line":50,"column":31}},{"start":{"line":50,"column":35},"end":{"line":50,"column":37}}],"line":50},"5":{"loc":{"start":{"line":51,"column":23},"end":{"line":51,"column":38}},"type":"binary-expr","locations":[{"start":{"line":51,"column":23},"end":{"line":51,"column":33}},{"start":{"line":51,"column":37},"end":{"line":51,"column":38}}],"line":51},"6":{"loc":{"start":{"line":62,"column":4},"end":{"line":71,"column":5}},"type":"if","locations":[{"start":{"line":62,"column":4},"end":{"line":71,"column":5}},{"start":{},"end":{}}],"line":62},"7":{"loc":{"start":{"line":66,"column":6},"end":{"line":70,"column":7}},"type":"if","locations":[{"start":{"line":66,"column":6},"end":{"line":70,"column":7}},{"start":{},"end":{}}],"line":66},"8":{"loc":{"start":{"line":69,"column":8},"end":{"line":69,"column":55}},"type":"if","locations":[{"start":{"line":69,"column":8},"end":{"line":69,"column":55}},{"start":{},"end":{}}],"line":69},"9":{"loc":{"start":{"line":87,"column":4},"end":{"line":91,"column":5}},"type":"if","locations":[{"start":{"line":87,"column":4},"end":{"line":91,"column":5}},{"start":{},"end":{}}],"line":87},"10":{"loc":{"start":{"line":90,"column":6},"end":{"line":90,"column":53}},"type":"if","locations":[{"start":{"line":90,"column":6},"end":{"line":90,"column":53}},{"start":{},"end":{}}],"line":90},"11":{"loc":{"start":{"line":103,"column":6},"end":{"line":120,"column":7}},"type":"if","locations":[{"start":{"line":103,"column":6},"end":{"line":120,"column":7}},{"start":{"line":118,"column":13},"end":{"line":120,"column":7}}],"line":103},"12":{"loc":{"start":{"line":117,"column":8},"end":{"line":117,"column":44}},"type":"if","locations":[{"start":{"line":117,"column":8},"end":{"line":117,"column":44}},{"start":{},"end":{}}],"line":117},"13":{"loc":{"start":{"line":119,"column":19},"end":{"line":119,"column":58}},"type":"binary-expr","locations":[{"start":{"line":119,"column":19},"end":{"line":119,"column":29}},{"start":{"line":119,"column":33},"end":{"line":119,"column":58}}],"line":119},"14":{"loc":{"start":{"line":128,"column":49},"end":{"line":128,"column":60}},"type":"default-arg","locations":[{"start":{"line":128,"column":59},"end":{"line":128,"column":60}}],"line":128},"15":{"loc":{"start":{"line":130,"column":4},"end":{"line":130,"column":51}},"type":"if","locations":[{"start":{"line":130,"column":4},"end":{"line":130,"column":51}},{"start":{},"end":{}}],"line":130},"16":{"loc":{"start":{"line":131,"column":4},"end":{"line":131,"column":59}},"type":"if","locations":[{"start":{"line":131,"column":4},"end":{"line":131,"column":59}},{"start":{},"end":{}}],"line":131},"17":{"loc":{"start":{"line":131,"column":8},"end":{"line":131,"column":46}},"type":"binary-expr","locations":[{"start":{"line":131,"column":8},"end":{"line":131,"column":32}},{"start":{"line":131,"column":36},"end":{"line":131,"column":46}}],"line":131},"18":{"loc":{"start":{"line":139,"column":4},"end":{"line":145,"column":5}},"type":"if","locations":[{"start":{"line":139,"column":4},"end":{"line":145,"column":5}},{"start":{},"end":{}}],"line":139},"19":{"loc":{"start":{"line":140,"column":6},"end":{"line":144,"column":7}},"type":"if","locations":[{"start":{"line":140,"column":6},"end":{"line":144,"column":7}},{"start":{"line":142,"column":13},"end":{"line":144,"column":7}}],"line":140},"20":{"loc":{"start":{"line":142,"column":13},"end":{"line":144,"column":7}},"type":"if","locations":[{"start":{"line":142,"column":13},"end":{"line":144,"column":7}},{"start":{},"end":{}}],"line":142},"21":{"loc":{"start":{"line":164,"column":7},"end":{"line":182,"column":7}},"type":"binary-expr","locations":[{"start":{"line":164,"column":7},"end":{"line":164,"column":16}},{"start":{"line":165,"column":8},"end":{"line":181,"column":14}}],"line":164},"22":{"loc":{"start":{"line":175,"column":14},"end":{"line":175,"column":57}},"type":"if","locations":[{"start":{"line":175,"column":14},"end":{"line":175,"column":57}},{"start":{},"end":{}}],"line":175},"23":{"loc":{"start":{"line":179,"column":13},"end":{"line":179,"column":63}},"type":"cond-expr","locations":[{"start":{"line":179,"column":28},"end":{"line":179,"column":46}},{"start":{"line":179,"column":49},"end":{"line":179,"column":63}}],"line":179},"24":{"loc":{"start":{"line":184,"column":7},"end":{"line":238,"column":7}},"type":"binary-expr","locations":[{"start":{"line":184,"column":7},"end":{"line":184,"column":15}},{"start":{"line":185,"column":8},"end":{"line":237,"column":15}}],"line":184},"25":{"loc":{"start":{"line":240,"column":7},"end":{"line":240,"column":34}},"type":"binary-expr","locations":[{"start":{"line":240,"column":7},"end":{"line":240,"column":14}},{"start":{"line":240,"column":18},"end":{"line":240,"column":34}}],"line":240},"26":{"loc":{"start":{"line":242,"column":7},"end":{"line":314,"column":7}},"type":"binary-expr","locations":[{"start":{"line":242,"column":7},"end":{"line":242,"column":19}},{"start":{"line":243,"column":8},"end":{"line":313,"column":11}}],"line":242},"27":{"loc":{"start":{"line":292,"column":27},"end":{"line":292,"column":63}},"type":"cond-expr","locations":[{"start":{"line":292,"column":50},"end":{"line":292,"column":58}},{"start":{"line":292,"column":61},"end":{"line":292,"column":63}}],"line":292},"28":{"loc":{"start":{"line":317,"column":7},"end":{"line":373,"column":7}},"type":"binary-expr","locations":[{"start":{"line":317,"column":7},"end":{"line":317,"column":15}},{"start":{"line":318,"column":8},"end":{"line":372,"column":15}}],"line":317}},"s":{"0":0,"1":0,"2":0,"3":0,"4":0,"5":0,"6":0,"7":0,"8":0,"9":0,"10":0,"11":0,"12":0,"13":0,"14":0,"15":0,"16":0,"17":0,"18":0,"19":0,"20":0,"21":0,"22":0,"23":0,"24":0,"25":0,"26":0,"27":0,"28":0,"29":0,"30":0,"31":0,"32":0,"33":0,"34":0,"35":0,"36":0,"37":0,"38":0,"39":0,"40":0,"41":0,"42":0,"43":0,"44":0,"45":0,"46":0,"47":0,"48":0,"49":0,"50":0,"51":0,"52":0,"53":0,"54":0,"55":0,"56":0,"57":0,"58":0,"59":0,"60":0,"61":0,"62":0,"63":0,"64":0,"65":0,"66":0,"67":0,"68":0,"69":0,"70":0,"71":0,"72":0,"73":0,"74":0,"75":0,"76":0,"77":0,"78":0,"79":0,"80":0,"81":0,"82":0,"83":0,"84":0,"85":0,"86":0,"87":0,"88":0,"89":0,"90":0,"91":0,"92":0,"93":0,"94":0,"95":0,"96":0,"97":0,"98":0,"99":0,"100":0,"101":0,"102":0,"103":0,"104":0,"105":0,"106":0,"107":0,"108":0,"109":0,"110":0,"111":0,"112":0,"113":0,"114":0,"115":0},"f":{"0":0,"1":0,"2":0,"3":0,"4":0,"5":0,"6":0,"7":0,"8":0,"9":0,"10":0,"11":0,"12":0,"13":0,"14":0,"15":0,"16":0,"17":0,"18":0,"19":0,"20":0,"21":0,"22":0,"23":0,"24":0,"25":0,"26":0,"27":0,"28":0,"29":0,"30":0,"31":0,"32":0,"33":0},"b":{"0":[0,0],"1":[0,0],"2":[0],"3":[0,0],"4":[0,0],"5":[0,0],"6":[0,0],"7":[0,0],"8":[0,0],"9":[0,0],"10":[0,0],"11":[0,0],"12":[0,0],"13":[0,0],"14":[0],"15":[0,0],"16":[0,0],"17":[0,0],"18":[0,0],"19":[0,0],"20":[0,0],"21":[0,0],"22":[0,0],"23":[0,0],"24":[0,0],"25":[0,0],"26":[0,0],"27":[0,0],"28":[0,0]}}
,"/home/etec/Documentos/AGBD-SantiBurzolino/proyectohuerta/src/components/home/homeUser.jsx": {"path":"/home/etec/Documentos/AGBD-SantiBurzolino/proyectohuerta/src/components/home/homeUser.jsx","statementMap":{"0":{"start":{"line":5,"column":32},"end":{"line":5,"column":44}},"1":{"start":{"line":6,"column":36},"end":{"line":6,"column":51}},"2":{"start":{"line":7,"column":38},"end":{"line":7,"column":53}},"3":{"start":{"line":8,"column":28},"end":{"line":8,"column":42}},"4":{"start":{"line":9,"column":38},"end":{"line":9,"column":49}},"5":{"start":{"line":10,"column":40},"end":{"line":10,"column":52}},"6":{"start":{"line":12,"column":34},"end":{"line":12,"column":49}},"7":{"start":{"line":13,"column":34},"end":{"line":17,"column":4}},"8":{"start":{"line":19,"column":20},"end":{"line":19,"column":54}},"9":{"start":{"line":20,"column":24},"end":{"line":20,"column":54}},"10":{"start":{"line":23,"column":2},"end":{"line":27,"column":18}},"11":{"start":{"line":24,"column":4},"end":{"line":26,"column":5}},"12":{"start":{"line":25,"column":6},"end":{"line":25,"column":33}},"13":{"start":{"line":29,"column":21},"end":{"line":44,"column":3}},"14":{"start":{"line":30,"column":4},"end":{"line":30,"column":23}},"15":{"start":{"line":31,"column":4},"end":{"line":31,"column":19}},"16":{"start":{"line":32,"column":4},"end":{"line":43,"column":5}},"17":{"start":{"line":33,"column":18},"end":{"line":33,"column":79}},"18":{"start":{"line":34,"column":6},"end":{"line":34,"column":65}},"19":{"start":{"line":34,"column":19},"end":{"line":34,"column":65}},"20":{"start":{"line":35,"column":19},"end":{"line":35,"column":35}},"21":{"start":{"line":36,"column":6},"end":{"line":36,"column":23}},"22":{"start":{"line":38,"column":6},"end":{"line":38,"column":28}},"23":{"start":{"line":39,"column":6},"end":{"line":39,"column":21}},"24":{"start":{"line":41,"column":6},"end":{"line":41,"column":26}},"25":{"start":{"line":42,"column":6},"end":{"line":42,"column":26}},"26":{"start":{"line":46,"column":26},"end":{"line":55,"column":3}},"27":{"start":{"line":47,"column":4},"end":{"line":54,"column":5}},"28":{"start":{"line":48,"column":18},"end":{"line":48,"column":71}},"29":{"start":{"line":49,"column":6},"end":{"line":49,"column":73}},"30":{"start":{"line":49,"column":19},"end":{"line":49,"column":73}},"31":{"start":{"line":50,"column":19},"end":{"line":50,"column":35}},"32":{"start":{"line":51,"column":6},"end":{"line":51,"column":27}},"33":{"start":{"line":53,"column":6},"end":{"line":53,"column":25}},"34":{"start":{"line":57,"column":2},"end":{"line":59,"column":9}},"35":{"start":{"line":58,"column":4},"end":{"line":58,"column":22}},"36":{"start":{"line":61,"column":23},"end":{"line":66,"column":3}},"37":{"start":{"line":62,"column":4},"end":{"line":62,"column":42}},"38":{"start":{"line":63,"column":4},"end":{"line":63,"column":38}},"39":{"start":{"line":64,"column":4},"end":{"line":64,"column":38}},"40":{"start":{"line":65,"column":4},"end":{"line":65,"column":31}},"41":{"start":{"line":68,"column":23},"end":{"line":71,"column":3}},"42":{"start":{"line":69,"column":28},"end":{"line":69,"column":36}},"43":{"start":{"line":70,"column":4},"end":{"line":70,"column":56}},"44":{"start":{"line":70,"column":27},"end":{"line":70,"column":53}},"45":{"start":{"line":73,"column":23},"end":{"line":102,"column":3}},"46":{"start":{"line":74,"column":4},"end":{"line":74,"column":23}},"47":{"start":{"line":75,"column":4},"end":{"line":78,"column":5}},"48":{"start":{"line":76,"column":6},"end":{"line":76,"column":50}},"49":{"start":{"line":77,"column":6},"end":{"line":77,"column":13}},"50":{"start":{"line":80,"column":20},"end":{"line":85,"column":5}},"51":{"start":{"line":87,"column":4},"end":{"line":101,"column":5}},"52":{"start":{"line":88,"column":18},"end":{"line":92,"column":8}},"53":{"start":{"line":93,"column":6},"end":{"line":93,"column":64}},"54":{"start":{"line":93,"column":19},"end":{"line":93,"column":64}},"55":{"start":{"line":94,"column":21},"end":{"line":94,"column":37}},"56":{"start":{"line":95,"column":6},"end":{"line":95,"column":51}},"57":{"start":{"line":96,"column":6},"end":{"line":96,"column":25}},"58":{"start":{"line":97,"column":6},"end":{"line":97,"column":73}},"59":{"start":{"line":98,"column":6},"end":{"line":98,"column":35}},"60":{"start":{"line":98,"column":22},"end":{"line":98,"column":35}},"61":{"start":{"line":100,"column":6},"end":{"line":100,"column":37}},"62":{"start":{"line":104,"column":2},"end":{"line":221,"column":4}},"63":{"start":{"line":133,"column":25},"end":{"line":133,"column":47}},"64":{"start":{"line":133,"column":44},"end":{"line":133,"column":46}},"65":{"start":{"line":155,"column":14},"end":{"line":166,"column":19}},"66":{"start":{"line":189,"column":16},"end":{"line":191,"column":25}}},"fnMap":{"0":{"name":"HomeUser","decl":{"start":{"line":4,"column":9},"end":{"line":4,"column":17}},"loc":{"start":{"line":4,"column":20},"end":{"line":222,"column":1}},"line":4},"1":{"name":"(anonymous_1)","decl":{"start":{"line":23,"column":12},"end":{"line":23,"column":13}},"loc":{"start":{"line":23,"column":18},"end":{"line":27,"column":3}},"line":23},"2":{"name":"(anonymous_2)","decl":{"start":{"line":29,"column":21},"end":{"line":29,"column":22}},"loc":{"start":{"line":29,"column":33},"end":{"line":44,"column":3}},"line":29},"3":{"name":"(anonymous_3)","decl":{"start":{"line":46,"column":26},"end":{"line":46,"column":27}},"loc":{"start":{"line":46,"column":38},"end":{"line":55,"column":3}},"line":46},"4":{"name":"(anonymous_4)","decl":{"start":{"line":57,"column":12},"end":{"line":57,"column":13}},"loc":{"start":{"line":57,"column":18},"end":{"line":59,"column":3}},"line":57},"5":{"name":"(anonymous_5)","decl":{"start":{"line":61,"column":23},"end":{"line":61,"column":24}},"loc":{"start":{"line":61,"column":29},"end":{"line":66,"column":3}},"line":61},"6":{"name":"(anonymous_6)","decl":{"start":{"line":68,"column":23},"end":{"line":68,"column":24}},"loc":{"start":{"line":68,"column":30},"end":{"line":71,"column":3}},"line":68},"7":{"name":"(anonymous_7)","decl":{"start":{"line":70,"column":16},"end":{"line":70,"column":17}},"loc":{"start":{"line":70,"column":27},"end":{"line":70,"column":53}},"line":70},"8":{"name":"(anonymous_8)","decl":{"start":{"line":73,"column":23},"end":{"line":73,"column":24}},"loc":{"start":{"line":73,"column":36},"end":{"line":102,"column":3}},"line":73},"9":{"name":"(anonymous_9)","decl":{"start":{"line":133,"column":19},"end":{"line":133,"column":20}},"loc":{"start":{"line":133,"column":25},"end":{"line":133,"column":47}},"line":133},"10":{"name":"(anonymous_10)","decl":{"start":{"line":133,"column":37},"end":{"line":133,"column":38}},"loc":{"start":{"line":133,"column":44},"end":{"line":133,"column":46}},"line":133},"11":{"name":"(anonymous_11)","decl":{"start":{"line":154,"column":25},"end":{"line":154,"column":26}},"loc":{"start":{"line":155,"column":14},"end":{"line":166,"column":19}},"line":155},"12":{"name":"(anonymous_12)","decl":{"start":{"line":188,"column":31},"end":{"line":188,"column":32}},"loc":{"start":{"line":189,"column":16},"end":{"line":191,"column":25}},"line":189}},"branchMap":{"0":{"loc":{"start":{"line":24,"column":4},"end":{"line":26,"column":5}},"type":"if","locations":[{"start":{"line":24,"column":4},"end":{"line":26,"column":5}},{"start":{},"end":{}}],"line":24},"1":{"loc":{"start":{"line":34,"column":6},"end":{"line":34,"column":65}},"type":"if","locations":[{"start":{"line":34,"column":6},"end":{"line":34,"column":65}},{"start":{},"end":{}}],"line":34},"2":{"loc":{"start":{"line":49,"column":6},"end":{"line":49,"column":73}},"type":"if","locations":[{"start":{"line":49,"column":6},"end":{"line":49,"column":73}},{"start":{},"end":{}}],"line":49},"3":{"loc":{"start":{"line":75,"column":4},"end":{"line":78,"column":5}},"type":"if","locations":[{"start":{"line":75,"column":4},"end":{"line":78,"column":5}},{"start":{},"end":{}}],"line":75},"4":{"loc":{"start":{"line":75,"column":8},"end":{"line":75,"column":54}},"type":"binary-expr","locations":[{"start":{"line":75,"column":8},"end":{"line":75,"column":32}},{"start":{"line":75,"column":36},"end":{"line":75,"column":54}}],"line":75},"5":{"loc":{"start":{"line":83,"column":19},"end":{"line":83,"column":45}},"type":"binary-expr","locations":[{"start":{"line":83,"column":19},"end":{"line":83,"column":39}},{"start":{"line":83,"column":43},"end":{"line":83,"column":45}}],"line":83},"6":{"loc":{"start":{"line":93,"column":6},"end":{"line":93,"column":64}},"type":"if","locations":[{"start":{"line":93,"column":6},"end":{"line":93,"column":64}},{"start":{},"end":{}}],"line":93},"7":{"loc":{"start":{"line":95,"column":12},"end":{"line":95,"column":49}},"type":"binary-expr","locations":[{"start":{"line":95,"column":12},"end":{"line":95,"column":26}},{"start":{"line":95,"column":30},"end":{"line":95,"column":49}}],"line":95},"8":{"loc":{"start":{"line":98,"column":6},"end":{"line":98,"column":35}},"type":"if","locations":[{"start":{"line":98,"column":6},"end":{"line":98,"column":35}},{"start":{},"end":{}}],"line":98},"9":{"loc":{"start":{"line":136,"column":11},"end":{"line":136,"column":52}},"type":"cond-expr","locations":[{"start":{"line":136,"column":22},"end":{"line":136,"column":32}},{"start":{"line":136,"column":35},"end":{"line":136,"column":52}}],"line":136},"10":{"loc":{"start":{"line":141,"column":9},"end":{"line":141,"column":48}},"type":"binary-expr","locations":[{"start":{"line":141,"column":9},"end":{"line":141,"column":18}},{"start":{"line":141,"column":22},"end":{"line":141,"column":48}}],"line":141},"11":{"loc":{"start":{"line":142,"column":9},"end":{"line":142,"column":57}},"type":"binary-expr","locations":[{"start":{"line":142,"column":9},"end":{"line":142,"column":14}},{"start":{"line":142,"column":18},"end":{"line":142,"column":57}}],"line":142},"12":{"loc":{"start":{"line":144,"column":9},"end":{"line":146,"column":9}},"type":"binary-expr","locations":[{"start":{"line":144,"column":9},"end":{"line":144,"column":19}},{"start":{"line":144,"column":23},"end":{"line":144,"column":34}},{"start":{"line":145,"column":10},"end":{"line":145,"column":67}}],"line":144},"13":{"loc":{"start":{"line":148,"column":9},"end":{"line":150,"column":9}},"type":"binary-expr","locations":[{"start":{"line":148,"column":9},"end":{"line":148,"column":19}},{"start":{"line":148,"column":23},"end":{"line":148,"column":33}},{"start":{"line":148,"column":37},"end":{"line":148,"column":57}},{"start":{"line":149,"column":10},"end":{"line":149,"column":42}}],"line":148},"14":{"loc":{"start":{"line":152,"column":9},"end":{"line":169,"column":9}},"type":"binary-expr","locations":[{"start":{"line":152,"column":9},"end":{"line":152,"column":19}},{"start":{"line":152,"column":23},"end":{"line":152,"column":41}},{"start":{"line":153,"column":10},"end":{"line":168,"column":15}}],"line":152},"15":{"loc":{"start":{"line":158,"column":19},"end":{"line":158,"column":77}},"type":"cond-expr","locations":[{"start":{"line":158,"column":35},"end":{"line":158,"column":55}},{"start":{"line":158,"column":58},"end":{"line":158,"column":77}}],"line":158},"16":{"loc":{"start":{"line":172,"column":7},"end":{"line":219,"column":7}},"type":"binary-expr","locations":[{"start":{"line":172,"column":7},"end":{"line":172,"column":15}},{"start":{"line":173,"column":8},"end":{"line":218,"column":15}}],"line":172}},"s":{"0":0,"1":0,"2":0,"3":0,"4":0,"5":0,"6":0,"7":0,"8":0,"9":0,"10":0,"11":0,"12":0,"13":0,"14":0,"15":0,"16":0,"17":0,"18":0,"19":0,"20":0,"21":0,"22":0,"23":0,"24":0,"25":0,"26":0,"27":0,"28":0,"29":0,"30":0,"31":0,"32":0,"33":0,"34":0,"35":0,"36":0,"37":0,"38":0,"39":0,"40":0,"41":0,"42":0,"43":0,"44":0,"45":0,"46":0,"47":0,"48":0,"49":0,"50":0,"51":0,"52":0,"53":0,"54":0,"55":0,"56":0,"57":0,"58":0,"59":0,"60":0,"61":0,"62":0,"63":0,"64":0,"65":0,"66":0},"f":{"0":0,"1":0,"2":0,"3":0,"4":0,"5":0,"6":0,"7":0,"8":0,"9":0,"10":0,"11":0,"12":0},"b":{"0":[0,0],"1":[0,0],"2":[0,0],"3":[0,0],"4":[0,0],"5":[0,0],"6":[0,0],"7":[0,0],"8":[0,0],"9":[0,0],"10":[0,0],"11":[0,0],"12":[0,0,0],"13":[0,0,0,0],"14":[0,0,0],"15":[0,0],"16":[0,0]}}
,"/home/etec/Documentos/AGBD-SantiBurzolino/proyectohuerta/src/components/login/Login.jsx": {"path":"/home/etec/Documentos/AGBD-SantiBurzolino/proyectohuerta/src/components/login/Login.jsx","statementMap":{"0":{"start":{"line":7,"column":28},"end":{"line":7,"column":40}},"1":{"start":{"line":8,"column":34},"end":{"line":8,"column":46}},"2":{"start":{"line":11,"column":32},"end":{"line":11,"column":44}},"3":{"start":{"line":13,"column":19},"end":{"line":13,"column":32}},"4":{"start":{"line":16,"column":23},"end":{"line":48,"column":3}},"5":{"start":{"line":17,"column":4},"end":{"line":17,"column":23}},"6":{"start":{"line":19,"column":4},"end":{"line":47,"column":5}},"7":{"start":{"line":21,"column":18},"end":{"line":25,"column":8}},"8":{"start":{"line":27,"column":19},"end":{"line":27,"column":35}},"9":{"start":{"line":29,"column":6},"end":{"line":44,"column":7}},"10":{"start":{"line":30,"column":8},"end":{"line":30,"column":69}},"11":{"start":{"line":33,"column":8},"end":{"line":33,"column":60}},"12":{"start":{"line":34,"column":8},"end":{"line":34,"column":52}},"13":{"start":{"line":35,"column":8},"end":{"line":35,"column":52}},"14":{"start":{"line":37,"column":8},"end":{"line":41,"column":9}},"15":{"start":{"line":38,"column":10},"end":{"line":38,"column":34}},"16":{"start":{"line":40,"column":10},"end":{"line":40,"column":33}},"17":{"start":{"line":43,"column":8},"end":{"line":43,"column":60}},"18":{"start":{"line":46,"column":6},"end":{"line":46,"column":41}},"19":{"start":{"line":50,"column":2},"end":{"line":88,"column":4}},"20":{"start":{"line":60,"column":27},"end":{"line":60,"column":51}},"21":{"start":{"line":69,"column":27},"end":{"line":69,"column":54}}},"fnMap":{"0":{"name":"Login","decl":{"start":{"line":5,"column":9},"end":{"line":5,"column":14}},"loc":{"start":{"line":5,"column":17},"end":{"line":89,"column":1}},"line":5},"1":{"name":"(anonymous_1)","decl":{"start":{"line":16,"column":23},"end":{"line":16,"column":24}},"loc":{"start":{"line":16,"column":36},"end":{"line":48,"column":3}},"line":16},"2":{"name":"(anonymous_2)","decl":{"start":{"line":60,"column":20},"end":{"line":60,"column":21}},"loc":{"start":{"line":60,"column":27},"end":{"line":60,"column":51}},"line":60},"3":{"name":"(anonymous_3)","decl":{"start":{"line":69,"column":20},"end":{"line":69,"column":21}},"loc":{"start":{"line":69,"column":27},"end":{"line":69,"column":54}},"line":69}},"branchMap":{"0":{"loc":{"start":{"line":29,"column":6},"end":{"line":44,"column":7}},"type":"if","locations":[{"start":{"line":29,"column":6},"end":{"line":44,"column":7}},{"start":{"line":42,"column":13},"end":{"line":44,"column":7}}],"line":29},"1":{"loc":{"start":{"line":37,"column":8},"end":{"line":41,"column":9}},"type":"if","locations":[{"start":{"line":37,"column":8},"end":{"line":41,"column":9}},{"start":{"line":39,"column":15},"end":{"line":41,"column":9}}],"line":37},"2":{"loc":{"start":{"line":43,"column":19},"end":{"line":43,"column":58}},"type":"binary-expr","locations":[{"start":{"line":43,"column":19},"end":{"line":43,"column":29}},{"start":{"line":43,"column":33},"end":{"line":43,"column":58}}],"line":43},"3":{"loc":{"start":{"line":86,"column":7},"end":{"line":86,"column":34}},"type":"binary-expr","locations":[{"start":{"line":86,"column":7},"end":{"line":86,"column":14}},{"start":{"line":86,"column":18},"end":{"line":86,"column":34}}],"line":86}},"s":{"0":0,"1":0,"2":0,"3":0,"4":0,"5":0,"6":0,"7":0,"8":0,"9":0,"10":0,"11":0,"12":0,"13":0,"14":0,"15":0,"16":0,"17":0,"18":0,"19":0,"20":0,"21":0},"f":{"0":0,"1":0,"2":0,"3":0},"b":{"0":[0,0],"1":[0,0],"2":[0,0],"3":[0,0]}}
,"/home/etec/Documentos/AGBD-SantiBurzolino/proyectohuerta/src/components/miembros/miembro.jsx": {"path":"/home/etec/Documentos/AGBD-SantiBurzolino/proyectohuerta/src/components/miembros/miembro.jsx","statementMap":{"0":{"start":{"line":4,"column":34},"end":{"line":4,"column":46}},"1":{"start":{"line":6,"column":2},"end":{"line":11,"column":9}},"2":{"start":{"line":7,"column":4},"end":{"line":10,"column":42}},"3":{"start":{"line":8,"column":21},"end":{"line":8,"column":31}},"4":{"start":{"line":9,"column":22},"end":{"line":9,"column":39}},"5":{"start":{"line":10,"column":22},"end":{"line":10,"column":40}},"6":{"start":{"line":13,"column":2},"end":{"line":24,"column":4}},"7":{"start":{"line":18,"column":10},"end":{"line":20,"column":15}}},"fnMap":{"0":{"name":"Miembros","decl":{"start":{"line":3,"column":9},"end":{"line":3,"column":17}},"loc":{"start":{"line":3,"column":20},"end":{"line":25,"column":1}},"line":3},"1":{"name":"(anonymous_1)","decl":{"start":{"line":6,"column":12},"end":{"line":6,"column":13}},"loc":{"start":{"line":6,"column":18},"end":{"line":11,"column":3}},"line":6},"2":{"name":"(anonymous_2)","decl":{"start":{"line":8,"column":12},"end":{"line":8,"column":13}},"loc":{"start":{"line":8,"column":21},"end":{"line":8,"column":31}},"line":8},"3":{"name":"(anonymous_3)","decl":{"start":{"line":9,"column":12},"end":{"line":9,"column":13}},"loc":{"start":{"line":9,"column":22},"end":{"line":9,"column":39}},"line":9},"4":{"name":"(anonymous_4)","decl":{"start":{"line":10,"column":13},"end":{"line":10,"column":14}},"loc":{"start":{"line":10,"column":22},"end":{"line":10,"column":40}},"line":10},"5":{"name":"(anonymous_5)","decl":{"start":{"line":17,"column":22},"end":{"line":17,"column":23}},"loc":{"start":{"line":18,"column":10},"end":{"line":20,"column":15}},"line":18}},"branchMap":{},"s":{"0":0,"1":0,"2":0,"3":0,"4":0,"5":0,"6":0,"7":0},"f":{"0":0,"1":0,"2":0,"3":0,"4":0,"5":0},"b":{}}
}
